{"/Users/nolantrost/builderbook/book/4-begin/server/utils/slugify.js": {"path":"/Users/nolantrost/builderbook/book/4-begin/server/utils/slugify.js","statementMap":{"0":{"start":{"line":1,"column":10},"end":{"line":1,"column":27}},"1":{"start":{"line":3,"column":16},"end":{"line":3,"column":43}},"2":{"start":{"line":3,"column":26},"end":{"line":3,"column":43}},"3":{"start":{"line":6,"column":15},"end":{"line":6,"column":70}},"4":{"start":{"line":8,"column":2},"end":{"line":10,"column":3}},"5":{"start":{"line":9,"column":4},"end":{"line":9,"column":30}},"6":{"start":{"line":12,"column":2},"end":{"line":12,"column":50}},"7":{"start":{"line":16,"column":19},"end":{"line":16,"column":32}},"8":{"start":{"line":18,"column":15},"end":{"line":18,"column":71}},"9":{"start":{"line":20,"column":2},"end":{"line":22,"column":3}},"10":{"start":{"line":21,"column":4},"end":{"line":21,"column":20}},"11":{"start":{"line":24,"column":2},"end":{"line":24,"column":46}},"12":{"start":{"line":27,"column":0},"end":{"line":27,"column":30}}},"fnMap":{"0":{"name":"(anonymous_0)","decl":{"start":{"line":3,"column":16},"end":{"line":3,"column":17}},"loc":{"start":{"line":3,"column":26},"end":{"line":3,"column":43}},"line":3},"1":{"name":"createUniqueSlug","decl":{"start":{"line":5,"column":15},"end":{"line":5,"column":31}},"loc":{"start":{"line":5,"column":52},"end":{"line":13,"column":1}},"line":5},"2":{"name":"generateSlug","decl":{"start":{"line":15,"column":15},"end":{"line":15,"column":27}},"loc":{"start":{"line":15,"column":54},"end":{"line":25,"column":1}},"line":15}},"branchMap":{"0":{"loc":{"start":{"line":8,"column":2},"end":{"line":10,"column":3}},"type":"if","locations":[{"start":{"line":8,"column":2},"end":{"line":10,"column":3}},{"start":{"line":8,"column":2},"end":{"line":10,"column":3}}],"line":8},"1":{"loc":{"start":{"line":15,"column":41},"end":{"line":15,"column":52}},"type":"default-arg","locations":[{"start":{"line":15,"column":50},"end":{"line":15,"column":52}}],"line":15},"2":{"loc":{"start":{"line":20,"column":2},"end":{"line":22,"column":3}},"type":"if","locations":[{"start":{"line":20,"column":2},"end":{"line":22,"column":3}},{"start":{"line":20,"column":2},"end":{"line":22,"column":3}}],"line":20}},"s":{"0":1,"1":1,"2":3,"3":3,"4":3,"5":2,"6":1,"7":3,"8":3,"9":3,"10":1,"11":2,"12":1},"f":{"0":3,"1":3,"2":3},"b":{"0":[2,1],"1":[3],"2":[1,2]},"_coverageSchema":"1a1c01bbd47fc00a2c39e90264f33305004495a9","hash":"93ffbbd74c20157a0ce62b1b71f9397fb9e1e8c2"}
}
